V1.00   V1.0
- <-----   this line is ignored
47 h[m]  D[m]     t[m]    E[N/m^2]    G[N/m^2]    Rho[kg/m^3]    Mlump[kg]    Cd[-]    Output Option[-]
0.000    4.300   0.0255    2.10E+11   8.080E+10      8100           2989       0.648         B 
0.140    4.300   0.0255    2.10E+11   8.080E+10      8100              0       0.663         1 
2.590    4.300   0.0336    2.10E+11   8.080E+10      8100              0       0.666         1 
5.084    4.300   0.0244    2.10E+11   8.080E+10      8100              0       0.668         1 
8.107    4.300   0.0237    2.10E+11   8.080E+10      8100              0       0.670         1 
11.130   4.300   0.0232    2.10E+11   8.080E+10      8100              0       0.671         1 
14.153   4.300   0.0226    2.10E+11   8.080E+10      8100              0       0.672         1 
17.176   4.300   0.0220    2.10E+11   8.080E+10      8100              0       0.673         1 
20.199   4.300   0.0214    2.10E+11   8.080E+10      8100              0       0.673         1 
23.222   4.300   0.0208    2.10E+11   8.080E+10      8100              0       0.673         1 
23.342   4.300   0.0208    2.10E+11   8.080E+10      8100           4152       0.673         1 
23.462   4.300   0.0208    2.10E+11   8.080E+10      8100              0       0.674         1 
26.464   4.300   0.0202    2.10E+11   8.080E+10      8100              0       0.674         1 
29.487   4.300   0.0196    2.10E+11   8.080E+10      8100              0       0.675         1 
32.510   4.300   0.0191    2.10E+11   8.080E+10      8100              0       0.675         1 
35.533   4.300   0.0185    2.10E+11   8.080E+10      8100              0       0.676         1 
38.556   4.300   0.0180    2.10E+11   8.080E+10      8100              0       0.676         1 
41.579   4.300   0.0174    2.10E+11   8.080E+10      8100              0       0.676         1 
44.602   4.300   0.0169    2.10E+11   8.080E+10      8100              0       0.677         1 
47.625   4.300   0.0162    2.10E+11   8.080E+10      8100              0       0.677         1 
47.730   4.300   0.0160    2.10E+11   8.080E+10      8100           2423       0.677         1 
47.835   4.300   0.0160    2.10E+11   8.080E+10      8100              0       0.677         1 
50.696   4.213   0.0164    2.10E+11   8.080E+10      8100              0       0.674         1 
53.569   4.132   0.0160    2.10E+11   8.080E+10      8100              0       0.671         1 
56.447   4.050   0.0158    2.10E+11   8.080E+10      8100              0       0.667         1 
59.327   3.969   0.0156    2.10E+11   8.080E+10      8100              0       0.664         1 
62.212   3.888   0.0153    2.10E+11   8.080E+10      8100              0       0.660         1 
65.099   3.806   0.0145    2.10E+11   8.080E+10      8100              0       0.656         1 
67.988   3.725   0.0145    2.10E+11   8.080E+10      8100              0       0.652         1 
70.880   3.644   0.0146    2.10E+11   8.080E+10      8100              0       0.648         1 
73.775   3.563   0.0144    2.10E+11   8.080E+10      8100              0       0.643         1 
76.673   3.481   0.0141    2.10E+11   8.080E+10      8100              0       0.639         1 
79.573   3.400   0.0138    2.10E+11   8.080E+10      8100              0       0.633         1 
79.678   3.400   0.0138    2.10E+11   8.080E+10      8100           1617       0.633         1 
79.783   3.400   0.0138    2.10E+11   8.080E+10      8100              0       0.633         1 
82.683   3.367   0.0133    2.10E+11   8.080E+10      8100              0       0.631         1 
85.583   3.338   0.0125    2.10E+11   8.080E+10      8100              0       0.630         1 
88.483   3.309   0.0120    2.10E+11   8.080E+10      8100              0       0.628         1 
91.383   3.279   0.0120    2.10E+11   8.080E+10      8100              0       0.626         1 
94.283   3.250   0.0123    2.10E+11   8.080E+10      8100              0       0.624         1 
97.183   3.221   0.0121    2.10E+11   8.080E+10      8100              0       0.622         1 
100.083  3.192   0.0121    2.10E+11   8.080E+10      8100              0       0.620         1 
102.983  3.162   0.0121    2.10E+11   8.080E+10      8100              0       0.618         1 
105.883  3.133   0.0121    2.10E+11   8.080E+10      8100              0       0.616         1 
108.783  3.104   0.0122    2.10E+11   8.080E+10      8100              0       0.614         1 
111.646  3.075   0.0122    2.10E+11   8.080E+10      8100              0       0.611         1 
111.906  3.075   0.0200    2.10E+11   8.080E+10      8100           1560       0.611         1 
0.02  0.03  0.02  0.03  0.03  0.03   (Damping 1L 2L 1T 2T Tors Tilt DD7 DD8 DD9 DD10 DD11_t DD12_t [-]) 
0 
0 0 
0 0 0 0 0 0 0 
0 0 0 0 0 0 0 
9.9990000e+03       Nm/rad = Ktx_t  (K-tors, effective tower top torsional stiffness)
!------------------------------------------------------------------------------------
!-----------------------------Version History----------------------------------------
!------------------------------------------------------------------------------------
!File Written by SDM
!24/19/90
!6/13/2018 -  113mHH; Max 4-sec; Cans: 11-11-8-8; Optimized Tall Tower for Capacity/Logistics/Standartization/MinimizeWelds
!8/10/2018 - 114mHH; Tower file provided by A. Williams
